# JRE version: Java(TM) SE Runtime Environment (8.0_171-b11) (build 1.8.0_171-b11)
# Java VM: Java HotSpot(TM) 64-Bit Server VM (25.171-b11 mixed mode windows-amd64 compressed oops)
Heap:
 PSYoungGen      total 155648K, used 57061K [0x000000078b500000, 0x0000000798480000, 0x00000007c0000000)
  eden space 137728K, 32% used [0x000000078b500000,0x000000078e05caa8,0x0000000793b80000)
  from space 17920K, 70% used [0x0000000793b80000,0x00000007947dcad0,0x0000000794d00000)
  to   space 18432K, 0% used [0x0000000797280000,0x0000000797280000,0x0000000798480000)
 ParOldGen       total 120320K, used 24623K [0x0000000721e00000, 0x0000000729380000, 0x000000078b500000)
  object space 120320K, 20% used [0x0000000721e00000,0x000000072360bf48,0x0000000729380000)
 Metaspace       used 45223K, capacity 47542K, committed 47744K, reserved 1089536K
  class space    used 6233K, capacity 6667K, committed 6784K, reserved 1048576K
GC Heap History (10 events):
Event: 10.503 GC heap before
{Heap before GC invocations=9 (full 1):
 PSYoungGen      total 88064K, used 88046K [0x000000078b500000, 0x0000000793a00000, 0x00000007c0000000)
  eden space 77312K, 100% used [0x000000078b500000,0x0000000790080000,0x0000000790080000)
  from space 10752K, 99% used [0x0000000790080000,0x0000000790afb880,0x0000000790b00000)
  to   space 14848K, 0% used [0x0000000792b80000,0x0000000792b80000,0x0000000793a00000)
 ParOldGen       total 73216K, used 12874K [0x0000000721e00000, 0x0000000726580000, 0x000000078b500000)
  object space 73216K, 17% used [0x0000000721e00000,0x0000000722a92800,0x0000000726580000)
 Metaspace       used 32706K, capacity 34404K, committed 34560K, reserved 1079296K
  class space    used 4500K, capacity 4830K, committed 4864K, reserved 1048576K
Event: 10.543 GC heap after
Heap after GC invocations=9 (full 1):
 PSYoungGen      total 119808K, used 14369K [0x000000078b500000, 0x0000000794180000, 0x00000007c0000000)
  eden space 104960K, 0% used [0x000000078b500000,0x000000078b500000,0x0000000791b80000)
  from space 14848K, 96% used [0x0000000792b80000,0x0000000793988468,0x0000000793a00000)
  to   space 16384K, 0% used [0x0000000791b80000,0x0000000791b80000,0x0000000792b80000)
 ParOldGen       total 73216K, used 12882K [0x0000000721e00000, 0x0000000726580000, 0x000000078b500000)
  object space 73216K, 17% used [0x0000000721e00000,0x0000000722a94800,0x0000000726580000)
 Metaspace       used 32706K, capacity 34404K, committed 34560K, reserved 1079296K
  class space    used 4500K, capacity 4830K, committed 4864K, reserved 1048576K
}
Event: 10.983 GC heap before
{Heap before GC invocations=10 (full 1):
 PSYoungGen      total 119808K, used 35921K [0x000000078b500000, 0x0000000794180000, 0x00000007c0000000)
  eden space 104960K, 20% used [0x000000078b500000,0x000000078ca0c060,0x0000000791b80000)
  from space 14848K, 96% used [0x0000000792b80000,0x0000000793988468,0x0000000793a00000)
  to   space 16384K, 0% used [0x0000000791b80000,0x0000000791b80000,0x0000000792b80000)
 ParOldGen       total 73216K, used 12882K [0x0000000721e00000, 0x0000000726580000, 0x000000078b500000)
  object space 73216K, 17% used [0x0000000721e00000,0x0000000722a94800,0x0000000726580000)
 Metaspace       used 33690K, capacity 35408K, committed 35456K, reserved 1079296K
  class space    used 4635K, capacity 4982K, committed 4992K, reserved 1048576K
Event: 11.022 GC heap after
Heap after GC invocations=10 (full 1):
 PSYoungGen      total 121344K, used 15051K [0x000000078b500000, 0x0000000796580000, 0x00000007c0000000)
  eden space 104960K, 0% used [0x000000078b500000,0x000000078b500000,0x0000000791b80000)
  from space 16384K, 91% used [0x0000000791b80000,0x0000000792a32c60,0x0000000792b80000)
  to   space 18432K, 0% used [0x0000000795380000,0x0000000795380000,0x0000000796580000)
 ParOldGen       total 73216K, used 12890K [0x0000000721e00000, 0x0000000726580000, 0x000000078b500000)
  object space 73216K, 17% used [0x0000000721e00000,0x0000000722a96800,0x0000000726580000)
 Metaspace       used 33690K, capacity 35408K, committed 35456K, reserved 1079296K
  class space    used 4635K, capacity 4982K, committed 4992K, reserved 1048576K
}
Event: 11.022 GC heap before
{Heap before GC invocations=11 (full 2):
 PSYoungGen      total 121344K, used 15051K [0x000000078b500000, 0x0000000796580000, 0x00000007c0000000)
  eden space 104960K, 0% used [0x000000078b500000,0x000000078b500000,0x0000000791b80000)
  from space 16384K, 91% used [0x0000000791b80000,0x0000000792a32c60,0x0000000792b80000)
  to   space 18432K, 0% used [0x0000000795380000,0x0000000795380000,0x0000000796580000)
 ParOldGen       total 73216K, used 12890K [0x0000000721e00000, 0x0000000726580000, 0x000000078b500000)
  object space 73216K, 17% used [0x0000000721e00000,0x0000000722a96800,0x0000000726580000)
 Metaspace       used 33690K, capacity 35408K, committed 35456K, reserved 1079296K
  class space    used 4635K, capacity 4982K, committed 4992K, reserved 1048576K
Event: 11.234 GC heap after
Heap after GC invocations=11 (full 2):
 PSYoungGen      total 121344K, used 0K [0x000000078b500000, 0x0000000796580000, 0x00000007c0000000)
  eden space 104960K, 0% used [0x000000078b500000,0x000000078b500000,0x0000000791b80000)
  from space 16384K, 0% used [0x0000000791b80000,0x0000000791b80000,0x0000000792b80000)
  to   space 18432K, 0% used [0x0000000795380000,0x0000000795380000,0x0000000796580000)
 ParOldGen       total 120320K, used 24615K [0x0000000721e00000, 0x0000000729380000, 0x000000078b500000)
  object space 120320K, 20% used [0x0000000721e00000,0x0000000723609f48,0x0000000729380000)
 Metaspace       used 33690K, capacity 35408K, committed 35456K, reserved 1079296K
  class space    used 4635K, capacity 4982K, committed 4992K, reserved 1048576K
}
Event: 13.017 GC heap before
{Heap before GC invocations=12 (full 2):
 PSYoungGen      total 121344K, used 104960K [0x000000078b500000, 0x0000000796580000, 0x00000007c0000000)
  eden space 104960K, 100% used [0x000000078b500000,0x0000000791b80000,0x0000000791b80000)
  from space 16384K, 0% used [0x0000000791b80000,0x0000000791b80000,0x0000000792b80000)
  to   space 18432K, 0% used [0x0000000795380000,0x0000000795380000,0x0000000796580000)
 ParOldGen       total 120320K, used 24615K [0x0000000721e00000, 0x0000000729380000, 0x000000078b500000)
  object space 120320K, 20% used [0x0000000721e00000,0x0000000723609f48,0x0000000729380000)
 Metaspace       used 36969K, capacity 38952K, committed 39040K, reserved 1083392K
  class space    used 5080K, capacity 5436K, committed 5504K, reserved 1048576K
Event: 13.030 GC heap after
Heap after GC invocations=12 (full 2):
 PSYoungGen      total 148992K, used 7309K [0x000000078b500000, 0x0000000795e80000, 0x00000007c0000000)
  eden space 137728K, 0% used [0x000000078b500000,0x000000078b500000,0x0000000793b80000)
  from space 11264K, 64% used [0x0000000795380000,0x0000000795aa3790,0x0000000795e80000)
  to   space 17920K, 0% used [0x0000000793b80000,0x0000000793b80000,0x0000000794d00000)
 ParOldGen       total 120320K, used 24623K [0x0000000721e00000, 0x0000000729380000, 0x000000078b500000)
  object space 120320K, 20% used [0x0000000721e00000,0x000000072360bf48,0x0000000729380000)
 Metaspace       used 36969K, capacity 38952K, committed 39040K, reserved 1083392K
  class space    used 5080K, capacity 5436K, committed 5504K, reserved 1048576K
}
Event: 20.743 GC heap before
{Heap before GC invocations=13 (full 2):
 PSYoungGen      total 148992K, used 145037K [0x000000078b500000, 0x0000000795e80000, 0x00000007c0000000)
  eden space 137728K, 100% used [0x000000078b500000,0x0000000793b80000,0x0000000793b80000)
  from space 11264K, 64% used [0x0000000795380000,0x0000000795aa3790,0x0000000795e80000)
  to   space 17920K, 0% used [0x0000000793b80000,0x0000000793b80000,0x0000000794d00000)
 ParOldGen       total 120320K, used 24623K [0x0000000721e00000, 0x0000000729380000, 0x000000078b500000)
  object space 120320K, 20% used [0x0000000721e00000,0x000000072360bf48,0x0000000729380000)
 Metaspace       used 42425K, capacity 44696K, committed 45056K, reserved 1087488K
  class space    used 5867K, capacity 6273K, committed 6400K, reserved 1048576K
Event: 20.765 GC heap after
Heap after GC invocations=13 (full 2):
 PSYoungGen      total 155648K, used 12658K [0x000000078b500000, 0x0000000798480000, 0x00000007c0000000)
  eden space 137728K, 0% used [0x000000078b500000,0x000000078b500000,0x0000000793b80000)
  from space 17920K, 70% used [0x0000000793b80000,0x00000007947dcad0,0x0000000794d00000)
  to   space 18432K, 0% used [0x0000000797280000,0x0000000797280000,0x0000000798480000)
 ParOldGen       total 120320K, used 24623K [0x0000000721e00000, 0x0000000729380000, 0x000000078b500000)
  object space 120320K, 20% used [0x0000000721e00000,0x000000072360bf48,0x0000000729380000)
 Metaspace       used 42425K, capacity 44696K, committed 45056K, reserved 1087488K
  class space    used 5867K, capacity 6273K, committed 6400K, reserved 1048576K
}

